open rsa file success
Config::sRSAPrivateKey = -----BEGIN RSA PRIVATE KEY-----
MIIEowIBAAKCAQEAo7Y7YzZUjRK0LLtwq8MKiD0r1M88mpMhxqigJ363uiuQvETz
SuyX5BZcNScV3fzASFBXWwLrt0AzxzJhulnG6tiFcitz6Wy3xijz1Xeg3mRZqfHw
JknteRT8iUlcDCCHlZciOLHDO22xZoBASA8Z0TtFjvyaWmr9d5PaQFJh1AHi8iSq
GgmpOvi6dyv6+w7UfxwTLKcMveZS53iiWt9rd2iiopqQ/TsD3dxx7Kbv5oI4wu3X
yqPHByZ3+u9yQs4UGUzCxtJOlsiwLJG6Zfaj/XKZituwMl+HPfmLuk7RCGhTaGzy
dvr9NmUCnmYiMywr1KrrkYK7Vqrf+2d9MNgw2wIDAQABAoIBACj46LAR3uNXtQQk
/TPfonkqZhfirdY50JA5j6uSyUSstpKH5yPvRqxs9DLRT2W5Zh4zDUnX10qLpOnL
sC3FXkVUX0GNonrfHLdZdH0ObZJ7Jv2jcWkDw400NWfelkzqr0Q/CO+LfcMX1vhC
TNQ8A0gcP3JjwfWzJTCSLmM+uwEl+RUisqL40FvFZF0AD2WOSGydkjUlb7fOzZWW
uicW0DXGub0BkZzNxDazzGD3pskaKZcIvGxMdym5K/7t44iB/1XjWTAxOwbNhyM1
mzrD96a/HuguMxrQWaSV9S+Zi5vU/j03E3xbc++04O/ipA3CdeeB4UUWUZpuj6R0
1P5HBFECgYEA2LPH4PEoLQky6/d3+MXO0h+dtWyJBELh0KadYcWeBRM1n9EAvGdf
nsJf5L1QFR4lJrijvXva2iFGww6t/Hwzl6pJSQrbU6NWpRODGMS8eh5G01zlIke9
AOE7tiuAiVWk5DfdjmQSs3vSGeqpkEJ0Ws0ijvuicQzIYZ/c3/1LXt0CgYEAwWZq
Zj4FvK1MEDOntBTCbcWxpAl60u0aVouU/WDkQ2OvacW38aQx2LkYLRdNfmdUkamb
/XLDQKWQdFYELSlwkNm6uePCHPHATVN7OVUSy0brgaQI65w6wbhNrgOyeq7qHAcd
yTi55ZoYyHm+kZ80r0EpBErXCiDtWwFqEI6rJxcCgYAO7dvQWGzfJWoXrZXbUq1b
9oej7xVFcOIjwMbI7JdlXBxupTR6xlhlFJkMpio1Oj1u/HtzW2wJaQ958rHz2g6n
3ThtSs0vZupaNwzqEOu3MgzJFPZINU8FF39InpidXYQdoOennqdXLCmeVXdXE+z2
MHm4Bgf759iKOTw7RjUCFQKBgAoZLOkVx/roGZam+9S9WMGelv33uMAWvU9Tjn4E
dybFp70gI9CsQCYO1CJWmydEgffxIUIEoglYG8jXTPSGu2f01nkqWVJllSL0fvSp
aofOtjFYvVaAG9lNpFC3xLP/Oh4oiPeezKYee7jMEpVL+NZF0rx0o/HVck9ULZOb
v3gVAoGBAMvh+fUPimcQNwDbbmSPP2DipKvhJCiMiVVbH5bxjmhehY2pHxNqZ2b7
LODaKyIhBmCzumf8d6E1JYzhJG3sTzbBhUs0fAFGxZDrx71lx7zKMBMBuWyPVVOK
IHEbS+p4sInN0VLpCMoyweddyHUBFHqzgk4ohO+JXOpZI5Jugh8c
-----END RSA PRIVATE KEY-----
[UserCenter running]
[CThreadDBOper Init]
[CThreadHttpOper Init]
[CThreadHttpOper] Listen code :Unknown system error 0
[CThreadTCPOper Init]
connect to database = account
connect to database = admin
connect to database = assets
connect to database = base
connect to database = exassets
connect to database = kyc
connect to database = otc
connect to database = other
connect to database = sa
connect to database = trade
